..\..\bin\win32\Debug\Barrier_Centralized.ilk
..\..\bin\win32\Debug\Barrier_Centralized.pdb
C:\USERS\HMS\DESKTOP\JNANA\PROJECT\BIN\WIN32\DEBUG\BARRIER.EXE
C:\USERS\HMS\DESKTOP\JNANA\PROJECT\BIN\WIN32\DEBUG\BARRIER.ILK
C:\USERS\HMS\DESKTOP\JNANA\PROJECT\BIN\WIN32\DEBUG\BARRIER.PDB
C:\USERS\HMS\DESKTOP\JNANA\PROJECT\BIN\WIN32\DEBUG\BARRIER_CENTRALIZED.EXE
C:\USERS\HMS\DESKTOP\JNANA\PROJECT\BIN\WIN32\DEBUG\BARRIER_CENTRALIZED.ILK
C:\USERS\HMS\DESKTOP\JNANA\PROJECT\BIN\WIN32\DEBUG\BARRIER_CENTRALIZED.PDB
C:\USERS\HMS\DESKTOP\JNANA\PROJECT\BIN\WIN32\DEBUG\BARRIER_DECENTRALIZED.EXE
C:\USERS\HMS\DESKTOP\JNANA\PROJECT\BIN\WIN32\DEBUG\BARRIER_DECENTRALIZED.ILK
C:\USERS\HMS\DESKTOP\JNANA\PROJECT\BIN\WIN32\DEBUG\BARRIER_DECENTRALIZED.PDB
C:\USERS\HMS\DESKTOP\JNANA\PROJECT\SYNCH_PRIMITIVES\BARRIER\DEBUG\BARRIER.EXE.EMBED.MANIFEST
C:\USERS\HMS\DESKTOP\JNANA\PROJECT\SYNCH_PRIMITIVES\BARRIER\DEBUG\BARRIER.EXE.EMBED.MANIFEST.RES
C:\USERS\HMS\DESKTOP\JNANA\PROJECT\SYNCH_PRIMITIVES\BARRIER\DEBUG\BARRIER.EXE.INTERMEDIATE.MANIFEST
C:\USERS\HMS\DESKTOP\JNANA\PROJECT\SYNCH_PRIMITIVES\BARRIER\DEBUG\BARRIER.OBJ
C:\USERS\HMS\DESKTOP\JNANA\PROJECT\SYNCH_PRIMITIVES\BARRIER\DEBUG\VC100.PDB
C:\Users\HMS\Desktop\jnana\project\synch_primitives\Barrier_Centralized\..\..\bin\win32\Debug\Barrier_Centralized.exe
C:\Users\HMS\Desktop\jnana\project\synch_primitives\Barrier_Centralized\Debug\Barrier.exe.embed.manifest
C:\Users\HMS\Desktop\jnana\project\synch_primitives\Barrier_Centralized\Debug\Barrier.exe.embed.manifest.res
C:\Users\HMS\Desktop\jnana\project\synch_primitives\Barrier_Centralized\Debug\Barrier.exe.intermediate.manifest
C:\USERS\HMS\DESKTOP\JNANA\PROJECT\SYNCH_PRIMITIVES\BARRIER_CENTRALIZED\DEBUG\BARRIER.OBJ
C:\Users\HMS\Desktop\jnana\project\synch_primitives\Barrier_Centralized\Debug\Barrier.write.1.tlog
C:\USERS\HMS\DESKTOP\JNANA\PROJECT\SYNCH_PRIMITIVES\BARRIER_CENTRALIZED\DEBUG\BARRIER_CENTRALIZED.EXE.EMBED.MANIFEST
C:\USERS\HMS\DESKTOP\JNANA\PROJECT\SYNCH_PRIMITIVES\BARRIER_CENTRALIZED\DEBUG\BARRIER_CENTRALIZED.EXE.EMBED.MANIFEST.RES
C:\USERS\HMS\DESKTOP\JNANA\PROJECT\SYNCH_PRIMITIVES\BARRIER_CENTRALIZED\DEBUG\BARRIER_CENTRALIZED.EXE.INTERMEDIATE.MANIFEST
C:\Users\HMS\Desktop\jnana\project\synch_primitives\Barrier_Centralized\Debug\Barrier_Centralized.write.1.tlog
C:\Users\HMS\Desktop\jnana\project\synch_primitives\Barrier_Centralized\Debug\Barrier_Centralized_manifest.rc
C:\Users\HMS\Desktop\jnana\project\synch_primitives\Barrier_Centralized\Debug\Barrier_Decentralized.exe.embed.manifest
C:\USERS\HMS\DESKTOP\JNANA\PROJECT\SYNCH_PRIMITIVES\BARRIER_CENTRALIZED\DEBUG\BARRIER_DECENTRALIZED.EXE.EMBED.MANIFEST.RES
C:\USERS\HMS\DESKTOP\JNANA\PROJECT\SYNCH_PRIMITIVES\BARRIER_CENTRALIZED\DEBUG\BARRIER_DECENTRALIZED.EXE.INTERMEDIATE.MANIFEST
C:\Users\HMS\Desktop\jnana\project\synch_primitives\Barrier_Centralized\Debug\Barrier_Decentralized.write.1.tlog
C:\Users\HMS\Desktop\jnana\project\synch_primitives\Barrier_Centralized\Debug\Barrier_Decentralized_manifest.rc
C:\Users\HMS\Desktop\jnana\project\synch_primitives\Barrier_Centralized\Debug\Barrier_manifest.rc
C:\Users\HMS\Desktop\jnana\project\synch_primitives\Barrier_Centralized\Debug\cl.command.1.tlog
C:\Users\HMS\Desktop\jnana\project\synch_primitives\Barrier_Centralized\Debug\CL.read.1.tlog
C:\Users\HMS\Desktop\jnana\project\synch_primitives\Barrier_Centralized\Debug\CL.write.1.tlog
C:\Users\HMS\Desktop\jnana\project\synch_primitives\Barrier_Centralized\Debug\link.10592.read.1.tlog
C:\Users\HMS\Desktop\jnana\project\synch_primitives\Barrier_Centralized\Debug\link.10592.read.2.tlog
C:\Users\HMS\Desktop\jnana\project\synch_primitives\Barrier_Centralized\Debug\link.10592.write.1.tlog
C:\Users\HMS\Desktop\jnana\project\synch_primitives\Barrier_Centralized\Debug\link.10592-cvtres.read.1.tlog
C:\Users\HMS\Desktop\jnana\project\synch_primitives\Barrier_Centralized\Debug\link.10592-cvtres.write.1.tlog
C:\Users\HMS\Desktop\jnana\project\synch_primitives\Barrier_Centralized\Debug\link.11860.read.1.tlog
C:\Users\HMS\Desktop\jnana\project\synch_primitives\Barrier_Centralized\Debug\link.11860.read.2.tlog
C:\Users\HMS\Desktop\jnana\project\synch_primitives\Barrier_Centralized\Debug\link.11860.write.1.tlog
C:\Users\HMS\Desktop\jnana\project\synch_primitives\Barrier_Centralized\Debug\link.11860-cvtres.read.1.tlog
C:\Users\HMS\Desktop\jnana\project\synch_primitives\Barrier_Centralized\Debug\link.11860-cvtres.write.1.tlog
C:\Users\HMS\Desktop\jnana\project\synch_primitives\Barrier_Centralized\Debug\link.1868.read.1.tlog
C:\Users\HMS\Desktop\jnana\project\synch_primitives\Barrier_Centralized\Debug\link.1868.read.3.tlog
C:\Users\HMS\Desktop\jnana\project\synch_primitives\Barrier_Centralized\Debug\link.1868.write.1.tlog
C:\Users\HMS\Desktop\jnana\project\synch_primitives\Barrier_Centralized\Debug\link.1868-cvtres.read.1.tlog
C:\Users\HMS\Desktop\jnana\project\synch_primitives\Barrier_Centralized\Debug\link.1868-cvtres.write.1.tlog
C:\Users\HMS\Desktop\jnana\project\synch_primitives\Barrier_Centralized\Debug\link.2196.read.1.tlog
C:\Users\HMS\Desktop\jnana\project\synch_primitives\Barrier_Centralized\Debug\link.2196.read.2.tlog
C:\Users\HMS\Desktop\jnana\project\synch_primitives\Barrier_Centralized\Debug\link.2196.write.1.tlog
C:\Users\HMS\Desktop\jnana\project\synch_primitives\Barrier_Centralized\Debug\link.2196-cvtres.read.1.tlog
C:\Users\HMS\Desktop\jnana\project\synch_primitives\Barrier_Centralized\Debug\link.2196-cvtres.write.1.tlog
C:\Users\HMS\Desktop\jnana\project\synch_primitives\Barrier_Centralized\Debug\link.3348.read.1.tlog
C:\Users\HMS\Desktop\jnana\project\synch_primitives\Barrier_Centralized\Debug\link.3348.read.3.tlog
C:\Users\HMS\Desktop\jnana\project\synch_primitives\Barrier_Centralized\Debug\link.3348.write.1.tlog
C:\Users\HMS\Desktop\jnana\project\synch_primitives\Barrier_Centralized\Debug\link.3348-cvtres.read.1.tlog
C:\Users\HMS\Desktop\jnana\project\synch_primitives\Barrier_Centralized\Debug\link.3348-cvtres.write.1.tlog
C:\Users\HMS\Desktop\jnana\project\synch_primitives\Barrier_Centralized\Debug\link.3608.read.1.tlog
C:\Users\HMS\Desktop\jnana\project\synch_primitives\Barrier_Centralized\Debug\link.3608.read.3.tlog
C:\Users\HMS\Desktop\jnana\project\synch_primitives\Barrier_Centralized\Debug\link.3608.write.1.tlog
C:\Users\HMS\Desktop\jnana\project\synch_primitives\Barrier_Centralized\Debug\link.3608-cvtres.read.1.tlog
C:\Users\HMS\Desktop\jnana\project\synch_primitives\Barrier_Centralized\Debug\link.3608-cvtres.write.1.tlog
C:\Users\HMS\Desktop\jnana\project\synch_primitives\Barrier_Centralized\Debug\link.3696.read.1.tlog
C:\Users\HMS\Desktop\jnana\project\synch_primitives\Barrier_Centralized\Debug\link.3696.read.3.tlog
C:\Users\HMS\Desktop\jnana\project\synch_primitives\Barrier_Centralized\Debug\link.3696.write.1.tlog
C:\Users\HMS\Desktop\jnana\project\synch_primitives\Barrier_Centralized\Debug\link.3696-cvtres.read.1.tlog
C:\Users\HMS\Desktop\jnana\project\synch_primitives\Barrier_Centralized\Debug\link.3696-cvtres.write.1.tlog
C:\Users\HMS\Desktop\jnana\project\synch_primitives\Barrier_Centralized\Debug\link.4376.read.1.tlog
C:\Users\HMS\Desktop\jnana\project\synch_primitives\Barrier_Centralized\Debug\link.4376.read.3.tlog
C:\Users\HMS\Desktop\jnana\project\synch_primitives\Barrier_Centralized\Debug\link.4376.write.1.tlog
C:\Users\HMS\Desktop\jnana\project\synch_primitives\Barrier_Centralized\Debug\link.4376-cvtres.read.1.tlog
C:\Users\HMS\Desktop\jnana\project\synch_primitives\Barrier_Centralized\Debug\link.4376-cvtres.write.1.tlog
C:\Users\HMS\Desktop\jnana\project\synch_primitives\Barrier_Centralized\Debug\link.4516.read.1.tlog
C:\Users\HMS\Desktop\jnana\project\synch_primitives\Barrier_Centralized\Debug\link.4516.read.3.tlog
C:\Users\HMS\Desktop\jnana\project\synch_primitives\Barrier_Centralized\Debug\link.4516.write.1.tlog
C:\Users\HMS\Desktop\jnana\project\synch_primitives\Barrier_Centralized\Debug\link.4516-cvtres.read.1.tlog
C:\Users\HMS\Desktop\jnana\project\synch_primitives\Barrier_Centralized\Debug\link.4516-cvtres.write.1.tlog
C:\Users\HMS\Desktop\jnana\project\synch_primitives\Barrier_Centralized\Debug\link.4624.read.1.tlog
C:\Users\HMS\Desktop\jnana\project\synch_primitives\Barrier_Centralized\Debug\link.4624.read.3.tlog
C:\Users\HMS\Desktop\jnana\project\synch_primitives\Barrier_Centralized\Debug\link.4624.write.1.tlog
C:\Users\HMS\Desktop\jnana\project\synch_primitives\Barrier_Centralized\Debug\link.4624-cvtres.read.1.tlog
C:\Users\HMS\Desktop\jnana\project\synch_primitives\Barrier_Centralized\Debug\link.4624-cvtres.write.1.tlog
C:\Users\HMS\Desktop\jnana\project\synch_primitives\Barrier_Centralized\Debug\link.472.read.1.tlog
C:\Users\HMS\Desktop\jnana\project\synch_primitives\Barrier_Centralized\Debug\link.472.read.3.tlog
C:\Users\HMS\Desktop\jnana\project\synch_primitives\Barrier_Centralized\Debug\link.472.write.1.tlog
C:\Users\HMS\Desktop\jnana\project\synch_primitives\Barrier_Centralized\Debug\link.472-cvtres.read.1.tlog
C:\Users\HMS\Desktop\jnana\project\synch_primitives\Barrier_Centralized\Debug\link.472-cvtres.write.1.tlog
C:\Users\HMS\Desktop\jnana\project\synch_primitives\Barrier_Centralized\Debug\link.4740.read.1.tlog
C:\Users\HMS\Desktop\jnana\project\synch_primitives\Barrier_Centralized\Debug\link.4740.read.3.tlog
C:\Users\HMS\Desktop\jnana\project\synch_primitives\Barrier_Centralized\Debug\link.4740.write.1.tlog
C:\Users\HMS\Desktop\jnana\project\synch_primitives\Barrier_Centralized\Debug\link.4740-cvtres.read.1.tlog
C:\Users\HMS\Desktop\jnana\project\synch_primitives\Barrier_Centralized\Debug\link.4740-cvtres.write.1.tlog
C:\Users\HMS\Desktop\jnana\project\synch_primitives\Barrier_Centralized\Debug\link.488.read.1.tlog
C:\Users\HMS\Desktop\jnana\project\synch_primitives\Barrier_Centralized\Debug\link.488.read.3.tlog
C:\Users\HMS\Desktop\jnana\project\synch_primitives\Barrier_Centralized\Debug\link.488.write.1.tlog
C:\Users\HMS\Desktop\jnana\project\synch_primitives\Barrier_Centralized\Debug\link.488-cvtres.read.1.tlog
C:\Users\HMS\Desktop\jnana\project\synch_primitives\Barrier_Centralized\Debug\link.488-cvtres.write.1.tlog
C:\Users\HMS\Desktop\jnana\project\synch_primitives\Barrier_Centralized\Debug\link.5464.read.1.tlog
C:\Users\HMS\Desktop\jnana\project\synch_primitives\Barrier_Centralized\Debug\link.5464.read.3.tlog
C:\Users\HMS\Desktop\jnana\project\synch_primitives\Barrier_Centralized\Debug\link.5464.write.1.tlog
C:\Users\HMS\Desktop\jnana\project\synch_primitives\Barrier_Centralized\Debug\link.5464-cvtres.read.1.tlog
C:\Users\HMS\Desktop\jnana\project\synch_primitives\Barrier_Centralized\Debug\link.5464-cvtres.write.1.tlog
C:\Users\HMS\Desktop\jnana\project\synch_primitives\Barrier_Centralized\Debug\link.5476.read.1.tlog
C:\Users\HMS\Desktop\jnana\project\synch_primitives\Barrier_Centralized\Debug\link.5476.read.3.tlog
C:\Users\HMS\Desktop\jnana\project\synch_primitives\Barrier_Centralized\Debug\link.5476.write.1.tlog
C:\Users\HMS\Desktop\jnana\project\synch_primitives\Barrier_Centralized\Debug\link.5476-cvtres.read.1.tlog
C:\Users\HMS\Desktop\jnana\project\synch_primitives\Barrier_Centralized\Debug\link.5476-cvtres.write.1.tlog
C:\Users\HMS\Desktop\jnana\project\synch_primitives\Barrier_Centralized\Debug\link.5588.read.1.tlog
C:\Users\HMS\Desktop\jnana\project\synch_primitives\Barrier_Centralized\Debug\link.5588.read.3.tlog
C:\Users\HMS\Desktop\jnana\project\synch_primitives\Barrier_Centralized\Debug\link.5588.write.1.tlog
C:\Users\HMS\Desktop\jnana\project\synch_primitives\Barrier_Centralized\Debug\link.5588-cvtres.read.1.tlog
C:\Users\HMS\Desktop\jnana\project\synch_primitives\Barrier_Centralized\Debug\link.5588-cvtres.write.1.tlog
C:\Users\HMS\Desktop\jnana\project\synch_primitives\Barrier_Centralized\Debug\link.5836.read.1.tlog
C:\Users\HMS\Desktop\jnana\project\synch_primitives\Barrier_Centralized\Debug\link.5836.read.3.tlog
C:\Users\HMS\Desktop\jnana\project\synch_primitives\Barrier_Centralized\Debug\link.5836.write.1.tlog
C:\Users\HMS\Desktop\jnana\project\synch_primitives\Barrier_Centralized\Debug\link.5836-cvtres.read.1.tlog
C:\Users\HMS\Desktop\jnana\project\synch_primitives\Barrier_Centralized\Debug\link.5836-cvtres.write.1.tlog
C:\Users\HMS\Desktop\jnana\project\synch_primitives\Barrier_Centralized\Debug\link.5984.read.1.tlog
C:\Users\HMS\Desktop\jnana\project\synch_primitives\Barrier_Centralized\Debug\link.5984.read.3.tlog
C:\Users\HMS\Desktop\jnana\project\synch_primitives\Barrier_Centralized\Debug\link.5984.write.1.tlog
C:\Users\HMS\Desktop\jnana\project\synch_primitives\Barrier_Centralized\Debug\link.5984-cvtres.read.1.tlog
C:\Users\HMS\Desktop\jnana\project\synch_primitives\Barrier_Centralized\Debug\link.5984-cvtres.write.1.tlog
C:\Users\HMS\Desktop\jnana\project\synch_primitives\Barrier_Centralized\Debug\link.6008.read.1.tlog
C:\Users\HMS\Desktop\jnana\project\synch_primitives\Barrier_Centralized\Debug\link.6008.read.3.tlog
C:\Users\HMS\Desktop\jnana\project\synch_primitives\Barrier_Centralized\Debug\link.6008.write.1.tlog
C:\Users\HMS\Desktop\jnana\project\synch_primitives\Barrier_Centralized\Debug\link.6008-cvtres.read.1.tlog
C:\Users\HMS\Desktop\jnana\project\synch_primitives\Barrier_Centralized\Debug\link.6008-cvtres.write.1.tlog
C:\Users\HMS\Desktop\jnana\project\synch_primitives\Barrier_Centralized\Debug\link.628.read.1.tlog
C:\Users\HMS\Desktop\jnana\project\synch_primitives\Barrier_Centralized\Debug\link.628.read.3.tlog
C:\Users\HMS\Desktop\jnana\project\synch_primitives\Barrier_Centralized\Debug\link.628.write.1.tlog
C:\Users\HMS\Desktop\jnana\project\synch_primitives\Barrier_Centralized\Debug\link.628-cvtres.read.1.tlog
C:\Users\HMS\Desktop\jnana\project\synch_primitives\Barrier_Centralized\Debug\link.628-cvtres.write.1.tlog
C:\Users\HMS\Desktop\jnana\project\synch_primitives\Barrier_Centralized\Debug\link.6360.read.1.tlog
C:\Users\HMS\Desktop\jnana\project\synch_primitives\Barrier_Centralized\Debug\link.6360.read.2.tlog
C:\Users\HMS\Desktop\jnana\project\synch_primitives\Barrier_Centralized\Debug\link.6360.write.1.tlog
C:\Users\HMS\Desktop\jnana\project\synch_primitives\Barrier_Centralized\Debug\link.6360-cvtres.read.1.tlog
C:\Users\HMS\Desktop\jnana\project\synch_primitives\Barrier_Centralized\Debug\link.6360-cvtres.write.1.tlog
C:\Users\HMS\Desktop\jnana\project\synch_primitives\Barrier_Centralized\Debug\link.7008.read.1.tlog
C:\Users\HMS\Desktop\jnana\project\synch_primitives\Barrier_Centralized\Debug\link.7008.read.2.tlog
C:\Users\HMS\Desktop\jnana\project\synch_primitives\Barrier_Centralized\Debug\link.7008.write.1.tlog
C:\Users\HMS\Desktop\jnana\project\synch_primitives\Barrier_Centralized\Debug\link.7008-cvtres.read.1.tlog
C:\Users\HMS\Desktop\jnana\project\synch_primitives\Barrier_Centralized\Debug\link.7008-cvtres.write.1.tlog
C:\Users\HMS\Desktop\jnana\project\synch_primitives\Barrier_Centralized\Debug\link.7868.read.1.tlog
C:\Users\HMS\Desktop\jnana\project\synch_primitives\Barrier_Centralized\Debug\link.7868.read.2.tlog
C:\Users\HMS\Desktop\jnana\project\synch_primitives\Barrier_Centralized\Debug\link.7868.write.1.tlog
C:\Users\HMS\Desktop\jnana\project\synch_primitives\Barrier_Centralized\Debug\link.7868-cvtres.read.1.tlog
C:\Users\HMS\Desktop\jnana\project\synch_primitives\Barrier_Centralized\Debug\link.7868-cvtres.write.1.tlog
C:\Users\HMS\Desktop\jnana\project\synch_primitives\Barrier_Centralized\Debug\link.command.1.tlog
C:\Users\HMS\Desktop\jnana\project\synch_primitives\Barrier_Centralized\Debug\link.read.1.tlog
C:\Users\HMS\Desktop\jnana\project\synch_primitives\Barrier_Centralized\Debug\link.read.2.tlog
C:\Users\HMS\Desktop\jnana\project\synch_primitives\Barrier_Centralized\Debug\link.read.3.tlog
C:\Users\HMS\Desktop\jnana\project\synch_primitives\Barrier_Centralized\Debug\link.write.1.tlog
C:\Users\HMS\Desktop\jnana\project\synch_primitives\Barrier_Centralized\Debug\link-cvtres.read.1.tlog
C:\Users\HMS\Desktop\jnana\project\synch_primitives\Barrier_Centralized\Debug\link-cvtres.write.1.tlog
C:\Users\HMS\Desktop\jnana\project\synch_primitives\Barrier_Centralized\Debug\mt.command.1.tlog
C:\Users\HMS\Desktop\jnana\project\synch_primitives\Barrier_Centralized\Debug\mt.read.1.tlog
C:\Users\HMS\Desktop\jnana\project\synch_primitives\Barrier_Centralized\Debug\mt.write.1.tlog
C:\Users\HMS\Desktop\jnana\project\synch_primitives\Barrier_Centralized\Debug\oclVectorAdd.exe.embed.manifest
C:\Users\HMS\Desktop\jnana\project\synch_primitives\Barrier_Centralized\Debug\oclVectorAdd.exe.embed.manifest.res
C:\Users\HMS\Desktop\jnana\project\synch_primitives\Barrier_Centralized\Debug\oclVectorAdd.exe.intermediate.manifest
C:\Users\HMS\Desktop\jnana\project\synch_primitives\Barrier_Centralized\Debug\oclVectorAdd.obj
C:\Users\HMS\Desktop\jnana\project\synch_primitives\Barrier_Centralized\Debug\oclVectorAdd.write.1.tlog
C:\Users\HMS\Desktop\jnana\project\synch_primitives\Barrier_Centralized\Debug\oclVectorAdd_manifest.rc
C:\Users\HMS\Desktop\jnana\project\synch_primitives\Barrier_Centralized\Debug\rc.command.1.tlog
C:\Users\HMS\Desktop\jnana\project\synch_primitives\Barrier_Centralized\Debug\rc.read.1.tlog
C:\Users\HMS\Desktop\jnana\project\synch_primitives\Barrier_Centralized\Debug\rc.write.1.tlog
C:\Users\HMS\Desktop\jnana\project\synch_primitives\Barrier_Centralized\Debug\ResolveAssemblyReference.cache
C:\Users\HMS\Desktop\jnana\project\synch_primitives\Barrier_Centralized\Debug\vc100.idb
C:\USERS\HMS\DESKTOP\JNANA\PROJECT\SYNCH_PRIMITIVES\BARRIER_CENTRALIZED\DEBUG\VC100.PDB
C:\USERS\HMS\DESKTOP\JNANA\PROJECT\SYNCH_PRIMITIVES\BARRIER_DECENTRALIZED\DEBUG\BARRIER.EXE.EMBED.MANIFEST.RES
C:\USERS\HMS\DESKTOP\JNANA\PROJECT\SYNCH_PRIMITIVES\BARRIER_DECENTRALIZED\DEBUG\BARRIER.OBJ
C:\USERS\HMS\DESKTOP\JNANA\PROJECT\SYNCH_PRIMITIVES\BARRIER_DECENTRALIZED\DEBUG\BARRIER_DECENTRALIZED.EXE.EMBED.MANIFEST
C:\USERS\HMS\DESKTOP\JNANA\PROJECT\SYNCH_PRIMITIVES\BARRIER_DECENTRALIZED\DEBUG\BARRIER_DECENTRALIZED.EXE.EMBED.MANIFEST.RES
C:\USERS\HMS\DESKTOP\JNANA\PROJECT\SYNCH_PRIMITIVES\BARRIER_DECENTRALIZED\DEBUG\VC100.PDB
