Build started 4/18/2012 8:29:35 PM.
     1>Project "C:\Users\HMS\Desktop\jnana\project\synch_primitives\Barrier\Barrier.vcxproj" on node 2 (build target(s)).
     1>c:\Windows\Microsoft.NET\Framework\v4.0.30319\Microsoft.Common.Targets(1200,9): warning : The referenced project 'oclVectorAdd_vs2010.vcxproj' does not exist.
     1>InitializeBuildStatus:
         Creating "Debug\Barrier.unsuccessfulbuild" because "AlwaysCreate" was specified.
       ClCompile:
         c:\Program Files (x86)\Microsoft Visual Studio 10.0\VC\bin\CL.exe /c /I"C:\ProgramData\NVIDIA Corporation\NVIDIA GPU Computing SDK 4.0\OpenCL\common\inc" /I"C:\ProgramData\NVIDIA Corporation\NVIDIA GPU Computing SDK 4.0\shared\inc" /I../../common/inc/ /I../../../shared/inc/ /ZI /nologo /W3 /WX- /Od /Oy- /D WIN32 /D _DEBUG /D _CONSOLE /D _MBCS /Gm /EHsc /RTC1 /MTd /GS /fp:precise /Zc:wchar_t /Zc:forScope /Fo"Debug\\" /Fd"Debug\vc100.pdb" /Gd /TP /analyze- /errorReport:prompt Barrier.cpp
         Barrier.cpp
         Note: including windows.h
         Note: including math.h
         Note: including assert.h
         Note: including shrUtils.h
         Note: including opencl.h
         Note: including windows.h
         Note: including math.h
         Note: including assert.h
       ManifestResourceCompile:
         All outputs are up-to-date.
       Link:
         c:\Program Files (x86)\Microsoft Visual Studio 10.0\VC\bin\link.exe /ERRORREPORT:PROMPT /OUT:"..\..\bin\win32\Debug\/Barrier.exe" /INCREMENTAL /NOLOGO /LIBPATH:"C:\ProgramData\NVIDIA Corporation\NVIDIA GPU Computing SDK 4.0\OpenCL\common\inc" /LIBPATH:"C:\ProgramData\NVIDIA Corporation\NVIDIA GPU Computing SDK 4.0\shared\inc" /LIBPATH:C:\Users\HMS\Desktop\Jnana\project\synch_primitives\Barrier\lib /LIBPATH:S:\cis565\project\synch_primitives\Barrier\lib /LIBPATH:"C:\Program Files\NVIDIA GPU Computing Toolkit\CUDA\v4.0\/lib/Win32" /LIBPATH:../../common/lib/Win32 /LIBPATH:../../../shared/lib/Win32 oclUtils32D.lib OpenCL.lib shrUtils32D.lib /MANIFEST /ManifestFile:"Debug\Barrier.exe.intermediate.manifest" /MANIFESTUAC:"level='asInvoker' uiAccess='false'" /DEBUG /PDB:"C:\Users\HMS\Desktop\jnana\project\bin\win32\Debug\Barrier.pdb" /SUBSYSTEM:CONSOLE /TLBID:1 /DYNAMICBASE:NO /IMPLIB:"..\..\bin\win32\Debug\Barrier.lib" /MACHINE:X86 Debug\Barrier.exe.embed.manifest.res
         Debug\Barrier.obj
       Manifest:
         C:\Program Files (x86)\Microsoft SDKs\Windows\v7.0A\bin\mt.exe /nologo /verbose /out:"Debug\Barrier.exe.embed.manifest" /manifest Debug\Barrier.exe.intermediate.manifest
         All outputs are up-to-date.
       LinkEmbedManifest:
         All outputs are up-to-date.
         Barrier.vcxproj -> C:\Users\HMS\Desktop\jnana\project\synch_primitives\Barrier\..\..\bin\win32\Debug\Barrier.exe
       FinalizeBuildStatus:
         Deleting file "Debug\Barrier.unsuccessfulbuild".
         Touching "Debug\Barrier.lastbuildstate".
     1>Done Building Project "C:\Users\HMS\Desktop\jnana\project\synch_primitives\Barrier\Barrier.vcxproj" (build target(s)).

Build succeeded.

Time Elapsed 00:00:02.24
