Build started 4/1/2012 2:35:46 AM.
     1>Project "S:\cis565\project\synch_primitives\oclVectorAdd\oclVectorAdd_vs2010.vcxproj" on node 2 (build target(s)).
     1>InitializeBuildStatus:
         Touching "Debug\oclVectorAdd.unsuccessfulbuild".
       ClCompile:
         All outputs are up-to-date.
       ManifestResourceCompile:
         C:\Program Files (x86)\Microsoft SDKs\Windows\v7.0A\bin\rc.exe /nologo /fo"Debug\oclVectorAdd.exe.embed.manifest.res" Debug\oclVectorAdd_manifest.rc 
       Link:
         c:\Program Files (x86)\Microsoft Visual Studio 10.0\VC\bin\link.exe /ERRORREPORT:PROMPT /OUT:"..\..\bin\win32\Debug\/oclVectorAdd.exe" /INCREMENTAL /NOLOGO /LIBPATH:"C:\ProgramData\NVIDIA Corporation\NVIDIA GPU Computing SDK 4.0\OpenCL\common\inc" /LIBPATH:"C:\ProgramData\NVIDIA Corporation\NVIDIA GPU Computing SDK 4.0\shared\inc" /LIBPATH:S:\cis565\project\synch_primitives\oclVectorAdd\lib /LIBPATH:"C:\Program Files\NVIDIA GPU Computing Toolkit\CUDA\v4.0/lib/Win32" /LIBPATH:../../common/lib/Win32 /LIBPATH:../../../shared/lib/Win32 oclUtils32D.lib OpenCL.lib shrUtils32D.lib /MANIFEST /ManifestFile:"Debug\oclVectorAdd.exe.intermediate.manifest" /MANIFESTUAC:"level='asInvoker' uiAccess='false'" /DEBUG /PDB:"S:\cis565\project\bin\win32\Debug\oclVectorAdd.pdb" /SUBSYSTEM:CONSOLE /TLBID:1 /DYNAMICBASE:NO /IMPLIB:"..\..\bin\win32\Debug\oclVectorAdd.lib" /MACHINE:X86 Debug\oclVectorAdd.exe.embed.manifest.res
         Debug\Barrier.obj
     1>oclUtils32D.lib(oclUtils.obj) : warning LNK4099: PDB 'vc100.pdb' was not found with 'oclUtils32D.lib(oclUtils.obj)' or at 'S:\cis565\project\bin\win32\Debug\vc100.pdb'; linking object as if no debug info
     1>oclUtils32D.lib(shrUtils.obj) : warning LNK4099: PDB 'vc100.pdb' was not found with 'oclUtils32D.lib(shrUtils.obj)' or at 'S:\cis565\project\bin\win32\Debug\vc100.pdb'; linking object as if no debug info
     1>oclUtils32D.lib(cmd_arg_reader.obj) : warning LNK4099: PDB 'vc100.pdb' was not found with 'oclUtils32D.lib(cmd_arg_reader.obj)' or at 'S:\cis565\project\bin\win32\Debug\vc100.pdb'; linking object as if no debug info
       Manifest:
         C:\Program Files (x86)\Microsoft SDKs\Windows\v7.0A\bin\mt.exe /nologo /verbose /out:"Debug\oclVectorAdd.exe.embed.manifest" /manifest Debug\oclVectorAdd.exe.intermediate.manifest
         C:\Program Files (x86)\Microsoft SDKs\Windows\v7.0A\bin\rc.exe /nologo /fo"Debug\oclVectorAdd.exe.embed.manifest.res" Debug\oclVectorAdd_manifest.rc 
       LinkEmbedManifest:
         c:\Program Files (x86)\Microsoft Visual Studio 10.0\VC\bin\link.exe /ERRORREPORT:PROMPT /OUT:"..\..\bin\win32\Debug\/oclVectorAdd.exe" /INCREMENTAL /NOLOGO /LIBPATH:"C:\ProgramData\NVIDIA Corporation\NVIDIA GPU Computing SDK 4.0\OpenCL\common\inc" /LIBPATH:"C:\ProgramData\NVIDIA Corporation\NVIDIA GPU Computing SDK 4.0\shared\inc" /LIBPATH:S:\cis565\project\synch_primitives\oclVectorAdd\lib /LIBPATH:"C:\Program Files\NVIDIA GPU Computing Toolkit\CUDA\v4.0/lib/Win32" /LIBPATH:../../common/lib/Win32 /LIBPATH:../../../shared/lib/Win32 oclUtils32D.lib OpenCL.lib shrUtils32D.lib /MANIFEST /ManifestFile:"Debug\oclVectorAdd.exe.intermediate.manifest" /MANIFESTUAC:"level='asInvoker' uiAccess='false'" /DEBUG /PDB:"S:\cis565\project\bin\win32\Debug\oclVectorAdd.pdb" /SUBSYSTEM:CONSOLE /TLBID:1 /DYNAMICBASE:NO /IMPLIB:"..\..\bin\win32\Debug\oclVectorAdd.lib" /MACHINE:X86 Debug\oclVectorAdd.exe.embed.manifest.res
         Debug\Barrier.obj
         oclVectorAdd_vs2010.vcxproj -> S:\cis565\project\synch_primitives\oclVectorAdd\..\..\bin\win32\Debug\oclVectorAdd.exe
       FinalizeBuildStatus:
         Deleting file "Debug\oclVectorAdd.unsuccessfulbuild".
         Touching "Debug\oclVectorAdd.lastbuildstate".
     1>Done Building Project "S:\cis565\project\synch_primitives\oclVectorAdd\oclVectorAdd_vs2010.vcxproj" (build target(s)).

Build succeeded.

Time Elapsed 00:00:13.65
