..\..\bin\win32\Debug\Mutex_FandA.ilk
..\..\bin\win32\Debug\Mutex_FandA.pdb
C:\USERS\HMS\DESKTOP\JNANA\PROJECT\BIN\WIN32\DEBUG\MUTEX.EXE
C:\USERS\HMS\DESKTOP\JNANA\PROJECT\BIN\WIN32\DEBUG\MUTEX.ILK
C:\USERS\HMS\DESKTOP\JNANA\PROJECT\BIN\WIN32\DEBUG\MUTEX.PDB
C:\USERS\HMS\DESKTOP\JNANA\PROJECT\BIN\WIN32\DEBUG\MUTEX_FANDA.EXE
C:\USERS\HMS\DESKTOP\JNANA\PROJECT\BIN\WIN32\DEBUG\MUTEX_FANDA.ILK
C:\USERS\HMS\DESKTOP\JNANA\PROJECT\BIN\WIN32\DEBUG\MUTEX_FANDA.PDB
C:\USERS\HMS\DESKTOP\JNANA\PROJECT\SYNCH_PRIMITIVES\MUTEX\DEBUG\MUTEX.EXE.EMBED.MANIFEST
C:\USERS\HMS\DESKTOP\JNANA\PROJECT\SYNCH_PRIMITIVES\MUTEX\DEBUG\MUTEX.EXE.EMBED.MANIFEST.RES
C:\USERS\HMS\DESKTOP\JNANA\PROJECT\SYNCH_PRIMITIVES\MUTEX\DEBUG\MUTEX.OBJ
C:\USERS\HMS\DESKTOP\JNANA\PROJECT\SYNCH_PRIMITIVES\MUTEX\DEBUG\VC100.PDB
C:\Users\HMS\Desktop\jnana\project\synch_primitives\Mutex_FandA\..\..\bin\win32\Debug\Mutex_FandA.exe
C:\Users\HMS\Desktop\jnana\project\synch_primitives\Mutex_FandA\Debug\Barrier.obj
C:\Users\HMS\Desktop\jnana\project\synch_primitives\Mutex_FandA\Debug\cl.command.1.tlog
C:\Users\HMS\Desktop\jnana\project\synch_primitives\Mutex_FandA\Debug\CL.read.1.tlog
C:\Users\HMS\Desktop\jnana\project\synch_primitives\Mutex_FandA\Debug\CL.write.1.tlog
C:\Users\HMS\Desktop\jnana\project\synch_primitives\Mutex_FandA\Debug\link.11736.read.1.tlog
C:\Users\HMS\Desktop\jnana\project\synch_primitives\Mutex_FandA\Debug\link.11736.read.2.tlog
C:\Users\HMS\Desktop\jnana\project\synch_primitives\Mutex_FandA\Debug\link.11736.write.1.tlog
C:\Users\HMS\Desktop\jnana\project\synch_primitives\Mutex_FandA\Debug\link.11736-cvtres.read.1.tlog
C:\Users\HMS\Desktop\jnana\project\synch_primitives\Mutex_FandA\Debug\link.11736-cvtres.write.1.tlog
C:\Users\HMS\Desktop\jnana\project\synch_primitives\Mutex_FandA\Debug\link.1868.read.1.tlog
C:\Users\HMS\Desktop\jnana\project\synch_primitives\Mutex_FandA\Debug\link.1868.read.3.tlog
C:\Users\HMS\Desktop\jnana\project\synch_primitives\Mutex_FandA\Debug\link.1868.write.1.tlog
C:\Users\HMS\Desktop\jnana\project\synch_primitives\Mutex_FandA\Debug\link.1868-cvtres.read.1.tlog
C:\Users\HMS\Desktop\jnana\project\synch_primitives\Mutex_FandA\Debug\link.1868-cvtres.write.1.tlog
C:\Users\HMS\Desktop\jnana\project\synch_primitives\Mutex_FandA\Debug\link.3348.read.1.tlog
C:\Users\HMS\Desktop\jnana\project\synch_primitives\Mutex_FandA\Debug\link.3348.read.3.tlog
C:\Users\HMS\Desktop\jnana\project\synch_primitives\Mutex_FandA\Debug\link.3348.write.1.tlog
C:\Users\HMS\Desktop\jnana\project\synch_primitives\Mutex_FandA\Debug\link.3348-cvtres.read.1.tlog
C:\Users\HMS\Desktop\jnana\project\synch_primitives\Mutex_FandA\Debug\link.3348-cvtres.write.1.tlog
C:\Users\HMS\Desktop\jnana\project\synch_primitives\Mutex_FandA\Debug\link.3608.read.1.tlog
C:\Users\HMS\Desktop\jnana\project\synch_primitives\Mutex_FandA\Debug\link.3608.read.3.tlog
C:\Users\HMS\Desktop\jnana\project\synch_primitives\Mutex_FandA\Debug\link.3608.write.1.tlog
C:\Users\HMS\Desktop\jnana\project\synch_primitives\Mutex_FandA\Debug\link.3608-cvtres.read.1.tlog
C:\Users\HMS\Desktop\jnana\project\synch_primitives\Mutex_FandA\Debug\link.3608-cvtres.write.1.tlog
C:\Users\HMS\Desktop\jnana\project\synch_primitives\Mutex_FandA\Debug\link.3696.read.1.tlog
C:\Users\HMS\Desktop\jnana\project\synch_primitives\Mutex_FandA\Debug\link.3696.read.3.tlog
C:\Users\HMS\Desktop\jnana\project\synch_primitives\Mutex_FandA\Debug\link.3696.write.1.tlog
C:\Users\HMS\Desktop\jnana\project\synch_primitives\Mutex_FandA\Debug\link.3696-cvtres.read.1.tlog
C:\Users\HMS\Desktop\jnana\project\synch_primitives\Mutex_FandA\Debug\link.3696-cvtres.write.1.tlog
C:\Users\HMS\Desktop\jnana\project\synch_primitives\Mutex_FandA\Debug\link.4516.read.1.tlog
C:\Users\HMS\Desktop\jnana\project\synch_primitives\Mutex_FandA\Debug\link.4516.read.3.tlog
C:\Users\HMS\Desktop\jnana\project\synch_primitives\Mutex_FandA\Debug\link.4516.write.1.tlog
C:\Users\HMS\Desktop\jnana\project\synch_primitives\Mutex_FandA\Debug\link.4516-cvtres.read.1.tlog
C:\Users\HMS\Desktop\jnana\project\synch_primitives\Mutex_FandA\Debug\link.4516-cvtres.write.1.tlog
C:\Users\HMS\Desktop\jnana\project\synch_primitives\Mutex_FandA\Debug\link.4624.read.1.tlog
C:\Users\HMS\Desktop\jnana\project\synch_primitives\Mutex_FandA\Debug\link.4624.read.3.tlog
C:\Users\HMS\Desktop\jnana\project\synch_primitives\Mutex_FandA\Debug\link.4624.write.1.tlog
C:\Users\HMS\Desktop\jnana\project\synch_primitives\Mutex_FandA\Debug\link.4624-cvtres.read.1.tlog
C:\Users\HMS\Desktop\jnana\project\synch_primitives\Mutex_FandA\Debug\link.4624-cvtres.write.1.tlog
C:\Users\HMS\Desktop\jnana\project\synch_primitives\Mutex_FandA\Debug\link.472.read.1.tlog
C:\Users\HMS\Desktop\jnana\project\synch_primitives\Mutex_FandA\Debug\link.472.read.3.tlog
C:\Users\HMS\Desktop\jnana\project\synch_primitives\Mutex_FandA\Debug\link.472.write.1.tlog
C:\Users\HMS\Desktop\jnana\project\synch_primitives\Mutex_FandA\Debug\link.472-cvtres.read.1.tlog
C:\Users\HMS\Desktop\jnana\project\synch_primitives\Mutex_FandA\Debug\link.472-cvtres.write.1.tlog
C:\Users\HMS\Desktop\jnana\project\synch_primitives\Mutex_FandA\Debug\link.4740.read.1.tlog
C:\Users\HMS\Desktop\jnana\project\synch_primitives\Mutex_FandA\Debug\link.4740.read.3.tlog
C:\Users\HMS\Desktop\jnana\project\synch_primitives\Mutex_FandA\Debug\link.4740.write.1.tlog
C:\Users\HMS\Desktop\jnana\project\synch_primitives\Mutex_FandA\Debug\link.4740-cvtres.read.1.tlog
C:\Users\HMS\Desktop\jnana\project\synch_primitives\Mutex_FandA\Debug\link.4740-cvtres.write.1.tlog
C:\Users\HMS\Desktop\jnana\project\synch_primitives\Mutex_FandA\Debug\link.4852.read.1.tlog
C:\Users\HMS\Desktop\jnana\project\synch_primitives\Mutex_FandA\Debug\link.4852.read.3.tlog
C:\Users\HMS\Desktop\jnana\project\synch_primitives\Mutex_FandA\Debug\link.4852.write.1.tlog
C:\Users\HMS\Desktop\jnana\project\synch_primitives\Mutex_FandA\Debug\link.4852-cvtres.read.1.tlog
C:\Users\HMS\Desktop\jnana\project\synch_primitives\Mutex_FandA\Debug\link.4852-cvtres.write.1.tlog
C:\Users\HMS\Desktop\jnana\project\synch_primitives\Mutex_FandA\Debug\link.488.read.1.tlog
C:\Users\HMS\Desktop\jnana\project\synch_primitives\Mutex_FandA\Debug\link.488.read.3.tlog
C:\Users\HMS\Desktop\jnana\project\synch_primitives\Mutex_FandA\Debug\link.488.write.1.tlog
C:\Users\HMS\Desktop\jnana\project\synch_primitives\Mutex_FandA\Debug\link.488-cvtres.read.1.tlog
C:\Users\HMS\Desktop\jnana\project\synch_primitives\Mutex_FandA\Debug\link.488-cvtres.write.1.tlog
C:\Users\HMS\Desktop\jnana\project\synch_primitives\Mutex_FandA\Debug\link.5464.read.1.tlog
C:\Users\HMS\Desktop\jnana\project\synch_primitives\Mutex_FandA\Debug\link.5464.read.3.tlog
C:\Users\HMS\Desktop\jnana\project\synch_primitives\Mutex_FandA\Debug\link.5464.write.1.tlog
C:\Users\HMS\Desktop\jnana\project\synch_primitives\Mutex_FandA\Debug\link.5464-cvtres.read.1.tlog
C:\Users\HMS\Desktop\jnana\project\synch_primitives\Mutex_FandA\Debug\link.5464-cvtres.write.1.tlog
C:\Users\HMS\Desktop\jnana\project\synch_primitives\Mutex_FandA\Debug\link.5476.read.1.tlog
C:\Users\HMS\Desktop\jnana\project\synch_primitives\Mutex_FandA\Debug\link.5476.read.3.tlog
C:\Users\HMS\Desktop\jnana\project\synch_primitives\Mutex_FandA\Debug\link.5476.write.1.tlog
C:\Users\HMS\Desktop\jnana\project\synch_primitives\Mutex_FandA\Debug\link.5476-cvtres.read.1.tlog
C:\Users\HMS\Desktop\jnana\project\synch_primitives\Mutex_FandA\Debug\link.5476-cvtres.write.1.tlog
C:\Users\HMS\Desktop\jnana\project\synch_primitives\Mutex_FandA\Debug\link.5588.read.1.tlog
C:\Users\HMS\Desktop\jnana\project\synch_primitives\Mutex_FandA\Debug\link.5588.read.3.tlog
C:\Users\HMS\Desktop\jnana\project\synch_primitives\Mutex_FandA\Debug\link.5588.write.1.tlog
C:\Users\HMS\Desktop\jnana\project\synch_primitives\Mutex_FandA\Debug\link.5588-cvtres.read.1.tlog
C:\Users\HMS\Desktop\jnana\project\synch_primitives\Mutex_FandA\Debug\link.5588-cvtres.write.1.tlog
C:\Users\HMS\Desktop\jnana\project\synch_primitives\Mutex_FandA\Debug\link.5748.read.1.tlog
C:\Users\HMS\Desktop\jnana\project\synch_primitives\Mutex_FandA\Debug\link.5748.read.3.tlog
C:\Users\HMS\Desktop\jnana\project\synch_primitives\Mutex_FandA\Debug\link.5748.write.1.tlog
C:\Users\HMS\Desktop\jnana\project\synch_primitives\Mutex_FandA\Debug\link.5748-cvtres.read.1.tlog
C:\Users\HMS\Desktop\jnana\project\synch_primitives\Mutex_FandA\Debug\link.5748-cvtres.write.1.tlog
C:\Users\HMS\Desktop\jnana\project\synch_primitives\Mutex_FandA\Debug\link.5836.read.1.tlog
C:\Users\HMS\Desktop\jnana\project\synch_primitives\Mutex_FandA\Debug\link.5836.read.3.tlog
C:\Users\HMS\Desktop\jnana\project\synch_primitives\Mutex_FandA\Debug\link.5836.write.1.tlog
C:\Users\HMS\Desktop\jnana\project\synch_primitives\Mutex_FandA\Debug\link.5836-cvtres.read.1.tlog
C:\Users\HMS\Desktop\jnana\project\synch_primitives\Mutex_FandA\Debug\link.5836-cvtres.write.1.tlog
C:\Users\HMS\Desktop\jnana\project\synch_primitives\Mutex_FandA\Debug\link.5984.read.1.tlog
C:\Users\HMS\Desktop\jnana\project\synch_primitives\Mutex_FandA\Debug\link.5984.read.3.tlog
C:\Users\HMS\Desktop\jnana\project\synch_primitives\Mutex_FandA\Debug\link.5984.write.1.tlog
C:\Users\HMS\Desktop\jnana\project\synch_primitives\Mutex_FandA\Debug\link.5984-cvtres.read.1.tlog
C:\Users\HMS\Desktop\jnana\project\synch_primitives\Mutex_FandA\Debug\link.5984-cvtres.write.1.tlog
C:\Users\HMS\Desktop\jnana\project\synch_primitives\Mutex_FandA\Debug\link.6008.read.1.tlog
C:\Users\HMS\Desktop\jnana\project\synch_primitives\Mutex_FandA\Debug\link.6008.read.3.tlog
C:\Users\HMS\Desktop\jnana\project\synch_primitives\Mutex_FandA\Debug\link.6008.write.1.tlog
C:\Users\HMS\Desktop\jnana\project\synch_primitives\Mutex_FandA\Debug\link.6008-cvtres.read.1.tlog
C:\Users\HMS\Desktop\jnana\project\synch_primitives\Mutex_FandA\Debug\link.6008-cvtres.write.1.tlog
C:\Users\HMS\Desktop\jnana\project\synch_primitives\Mutex_FandA\Debug\link.628.read.1.tlog
C:\Users\HMS\Desktop\jnana\project\synch_primitives\Mutex_FandA\Debug\link.628.read.3.tlog
C:\Users\HMS\Desktop\jnana\project\synch_primitives\Mutex_FandA\Debug\link.628.write.1.tlog
C:\Users\HMS\Desktop\jnana\project\synch_primitives\Mutex_FandA\Debug\link.628-cvtres.read.1.tlog
C:\Users\HMS\Desktop\jnana\project\synch_primitives\Mutex_FandA\Debug\link.628-cvtres.write.1.tlog
C:\Users\HMS\Desktop\jnana\project\synch_primitives\Mutex_FandA\Debug\link.8100.read.1.tlog
C:\Users\HMS\Desktop\jnana\project\synch_primitives\Mutex_FandA\Debug\link.8100.read.2.tlog
C:\Users\HMS\Desktop\jnana\project\synch_primitives\Mutex_FandA\Debug\link.8100.write.1.tlog
C:\Users\HMS\Desktop\jnana\project\synch_primitives\Mutex_FandA\Debug\link.8100-cvtres.read.1.tlog
C:\Users\HMS\Desktop\jnana\project\synch_primitives\Mutex_FandA\Debug\link.8100-cvtres.write.1.tlog
C:\Users\HMS\Desktop\jnana\project\synch_primitives\Mutex_FandA\Debug\link.9272.read.1.tlog
C:\Users\HMS\Desktop\jnana\project\synch_primitives\Mutex_FandA\Debug\link.9272.read.2.tlog
C:\Users\HMS\Desktop\jnana\project\synch_primitives\Mutex_FandA\Debug\link.9272.write.1.tlog
C:\Users\HMS\Desktop\jnana\project\synch_primitives\Mutex_FandA\Debug\link.9272-cvtres.read.1.tlog
C:\Users\HMS\Desktop\jnana\project\synch_primitives\Mutex_FandA\Debug\link.9272-cvtres.write.1.tlog
C:\Users\HMS\Desktop\jnana\project\synch_primitives\Mutex_FandA\Debug\link.command.1.tlog
C:\Users\HMS\Desktop\jnana\project\synch_primitives\Mutex_FandA\Debug\link.read.1.tlog
C:\Users\HMS\Desktop\jnana\project\synch_primitives\Mutex_FandA\Debug\link.read.2.tlog
C:\Users\HMS\Desktop\jnana\project\synch_primitives\Mutex_FandA\Debug\link.read.3.tlog
C:\Users\HMS\Desktop\jnana\project\synch_primitives\Mutex_FandA\Debug\link.write.1.tlog
C:\Users\HMS\Desktop\jnana\project\synch_primitives\Mutex_FandA\Debug\link-cvtres.read.1.tlog
C:\Users\HMS\Desktop\jnana\project\synch_primitives\Mutex_FandA\Debug\link-cvtres.write.1.tlog
C:\Users\HMS\Desktop\jnana\project\synch_primitives\Mutex_FandA\Debug\mt.command.1.tlog
C:\Users\HMS\Desktop\jnana\project\synch_primitives\Mutex_FandA\Debug\mt.read.1.tlog
C:\Users\HMS\Desktop\jnana\project\synch_primitives\Mutex_FandA\Debug\mt.write.1.tlog
C:\USERS\HMS\DESKTOP\JNANA\PROJECT\SYNCH_PRIMITIVES\MUTEX_FANDA\DEBUG\MUTEX.EXE.EMBED.MANIFEST
C:\USERS\HMS\DESKTOP\JNANA\PROJECT\SYNCH_PRIMITIVES\MUTEX_FANDA\DEBUG\MUTEX.EXE.EMBED.MANIFEST.RES
C:\USERS\HMS\DESKTOP\JNANA\PROJECT\SYNCH_PRIMITIVES\MUTEX_FANDA\DEBUG\MUTEX.EXE.INTERMEDIATE.MANIFEST
C:\USERS\HMS\DESKTOP\JNANA\PROJECT\SYNCH_PRIMITIVES\MUTEX_FANDA\DEBUG\MUTEX.OBJ
C:\Users\HMS\Desktop\jnana\project\synch_primitives\Mutex_FandA\Debug\Mutex.write.1.tlog
C:\USERS\HMS\DESKTOP\JNANA\PROJECT\SYNCH_PRIMITIVES\MUTEX_FANDA\DEBUG\MUTEX_FANDA.EXE.EMBED.MANIFEST
C:\USERS\HMS\DESKTOP\JNANA\PROJECT\SYNCH_PRIMITIVES\MUTEX_FANDA\DEBUG\MUTEX_FANDA.EXE.EMBED.MANIFEST.RES
C:\USERS\HMS\DESKTOP\JNANA\PROJECT\SYNCH_PRIMITIVES\MUTEX_FANDA\DEBUG\MUTEX_FANDA.EXE.INTERMEDIATE.MANIFEST
C:\USERS\HMS\DESKTOP\JNANA\PROJECT\SYNCH_PRIMITIVES\MUTEX_FANDA\DEBUG\MUTEX_FANDA.OBJ
C:\Users\HMS\Desktop\jnana\project\synch_primitives\Mutex_FandA\Debug\Mutex_FandA.write.1.tlog
C:\Users\HMS\Desktop\jnana\project\synch_primitives\Mutex_FandA\Debug\Mutex_FandA_manifest.rc
C:\Users\HMS\Desktop\jnana\project\synch_primitives\Mutex_FandA\Debug\Mutex_manifest.rc
C:\Users\HMS\Desktop\jnana\project\synch_primitives\Mutex_FandA\Debug\oclVectorAdd.exe.embed.manifest
C:\Users\HMS\Desktop\jnana\project\synch_primitives\Mutex_FandA\Debug\oclVectorAdd.exe.embed.manifest.res
C:\Users\HMS\Desktop\jnana\project\synch_primitives\Mutex_FandA\Debug\oclVectorAdd.exe.intermediate.manifest
C:\Users\HMS\Desktop\jnana\project\synch_primitives\Mutex_FandA\Debug\oclVectorAdd.obj
C:\Users\HMS\Desktop\jnana\project\synch_primitives\Mutex_FandA\Debug\oclVectorAdd.write.1.tlog
C:\Users\HMS\Desktop\jnana\project\synch_primitives\Mutex_FandA\Debug\oclVectorAdd_manifest.rc
C:\Users\HMS\Desktop\jnana\project\synch_primitives\Mutex_FandA\Debug\rc.command.1.tlog
C:\Users\HMS\Desktop\jnana\project\synch_primitives\Mutex_FandA\Debug\rc.read.1.tlog
C:\Users\HMS\Desktop\jnana\project\synch_primitives\Mutex_FandA\Debug\rc.write.1.tlog
C:\Users\HMS\Desktop\jnana\project\synch_primitives\Mutex_FandA\Debug\ResolveAssemblyReference.cache
C:\Users\HMS\Desktop\jnana\project\synch_primitives\Mutex_FandA\Debug\vc100.idb
C:\USERS\HMS\DESKTOP\JNANA\PROJECT\SYNCH_PRIMITIVES\MUTEX_FANDA\DEBUG\VC100.PDB
S:\CIS565\PROJECT\BIN\WIN32\DEBUG\MUTEX.EXE
S:\CIS565\PROJECT\BIN\WIN32\DEBUG\MUTEX.ILK
S:\CIS565\PROJECT\BIN\WIN32\DEBUG\MUTEX.PDB
S:\CIS565\PROJECT\SYNCH_PRIMITIVES\MUTEX\DEBUG\MUTEX.EXE.EMBED.MANIFEST
S:\CIS565\PROJECT\SYNCH_PRIMITIVES\MUTEX\DEBUG\MUTEX.EXE.EMBED.MANIFEST.RES
S:\CIS565\PROJECT\SYNCH_PRIMITIVES\MUTEX\DEBUG\MUTEX.EXE.INTERMEDIATE.MANIFEST
S:\CIS565\PROJECT\SYNCH_PRIMITIVES\MUTEX\DEBUG\MUTEX.OBJ
S:\CIS565\PROJECT\SYNCH_PRIMITIVES\MUTEX\DEBUG\VC100.PDB
