C:\USERS\HMS\DESKTOP\JNANA\PROJECT\BIN\WIN32\DEBUG\MUTEX.EXE
C:\USERS\HMS\DESKTOP\JNANA\PROJECT\BIN\WIN32\DEBUG\MUTEX.ILK
C:\USERS\HMS\DESKTOP\JNANA\PROJECT\BIN\WIN32\DEBUG\MUTEX.PDB
C:\Users\HMS\Desktop\jnana\project\synch_primitives\Mutex\Debug\cl.command.1.tlog
C:\Users\HMS\Desktop\jnana\project\synch_primitives\Mutex\Debug\CL.read.1.tlog
C:\Users\HMS\Desktop\jnana\project\synch_primitives\Mutex\Debug\CL.write.1.tlog
C:\Users\HMS\Desktop\jnana\project\synch_primitives\Mutex\Debug\link.10188.read.1.tlog
C:\Users\HMS\Desktop\jnana\project\synch_primitives\Mutex\Debug\link.10188.read.2.tlog
C:\Users\HMS\Desktop\jnana\project\synch_primitives\Mutex\Debug\link.10188.write.1.tlog
C:\Users\HMS\Desktop\jnana\project\synch_primitives\Mutex\Debug\link.10188-cvtres.read.1.tlog
C:\Users\HMS\Desktop\jnana\project\synch_primitives\Mutex\Debug\link.10188-cvtres.write.1.tlog
C:\Users\HMS\Desktop\jnana\project\synch_primitives\Mutex\Debug\link.command.1.tlog
C:\Users\HMS\Desktop\jnana\project\synch_primitives\Mutex\Debug\link.read.1.tlog
C:\Users\HMS\Desktop\jnana\project\synch_primitives\Mutex\Debug\link.read.2.tlog
C:\Users\HMS\Desktop\jnana\project\synch_primitives\Mutex\Debug\link.write.1.tlog
C:\Users\HMS\Desktop\jnana\project\synch_primitives\Mutex\Debug\link-cvtres.read.1.tlog
C:\Users\HMS\Desktop\jnana\project\synch_primitives\Mutex\Debug\link-cvtres.write.1.tlog
C:\Users\HMS\Desktop\jnana\project\synch_primitives\Mutex\Debug\mt.command.1.tlog
C:\Users\HMS\Desktop\jnana\project\synch_primitives\Mutex\Debug\mt.read.1.tlog
C:\Users\HMS\Desktop\jnana\project\synch_primitives\Mutex\Debug\mt.write.1.tlog
C:\USERS\HMS\DESKTOP\JNANA\PROJECT\SYNCH_PRIMITIVES\MUTEX\DEBUG\MUTEX.EXE.EMBED.MANIFEST
C:\USERS\HMS\DESKTOP\JNANA\PROJECT\SYNCH_PRIMITIVES\MUTEX\DEBUG\MUTEX.EXE.EMBED.MANIFEST.RES
C:\USERS\HMS\DESKTOP\JNANA\PROJECT\SYNCH_PRIMITIVES\MUTEX\DEBUG\MUTEX.EXE.INTERMEDIATE.MANIFEST
C:\USERS\HMS\DESKTOP\JNANA\PROJECT\SYNCH_PRIMITIVES\MUTEX\DEBUG\MUTEX.OBJ
C:\Users\HMS\Desktop\jnana\project\synch_primitives\Mutex\Debug\Mutex.write.1.tlog
C:\Users\HMS\Desktop\jnana\project\synch_primitives\Mutex\Debug\Mutex_manifest.rc
C:\Users\HMS\Desktop\jnana\project\synch_primitives\Mutex\Debug\rc.command.1.tlog
C:\Users\HMS\Desktop\jnana\project\synch_primitives\Mutex\Debug\rc.read.1.tlog
C:\Users\HMS\Desktop\jnana\project\synch_primitives\Mutex\Debug\rc.write.1.tlog
C:\Users\HMS\Desktop\jnana\project\synch_primitives\Mutex\Debug\vc100.idb
C:\USERS\HMS\DESKTOP\JNANA\PROJECT\SYNCH_PRIMITIVES\MUTEX\DEBUG\VC100.PDB
