Build started 4/25/2012 8:12:10 AM.
     1>Project "C:\Users\HMS\Desktop\Jnana\jnana\project\synch_primitives\Mutex\oclVectorAdd_vs2010.vcxproj" on node 2 (build target(s)).
     1>InitializeBuildStatus:
         Creating "Debug\Mutex.unsuccessfulbuild" because "AlwaysCreate" was specified.
       ClCompile:
         c:\Program Files (x86)\Microsoft Visual Studio 10.0\VC\bin\CL.exe /c /I"C:\ProgramData\NVIDIA Corporation\NVIDIA GPU Computing SDK 4.0\OpenCL\common\inc" /I"C:\ProgramData\NVIDIA Corporation\NVIDIA GPU Computing SDK 4.0\shared\inc" /I../../common/inc/ /I../../../shared/inc/ /ZI /nologo /W3 /WX- /Od /Oy- /D WIN32 /D _DEBUG /D _CONSOLE /D _MBCS /Gm /EHsc /RTC1 /MTd /GS /fp:precise /Zc:wchar_t /Zc:forScope /Fo"Debug\\" /Fd"Debug\vc100.pdb" /Gd /TP /analyze- /errorReport:prompt Mutex.cpp
         Mutex.cpp
         Note: including windows.h
         Note: including math.h
         Note: including assert.h
         Note: including shrUtils.h
         Note: including opencl.h
         Note: including windows.h
         Note: including math.h
         Note: including assert.h
       ManifestResourceCompile:
         All outputs are up-to-date.
       Link:
         c:\Program Files (x86)\Microsoft Visual Studio 10.0\VC\bin\link.exe /ERRORREPORT:PROMPT /OUT:"..\..\bin\win32\Debug\/Mutex.exe" /INCREMENTAL /NOLOGO /LIBPATH:C:\Users\HMS\Desktop\Jnana\project\synch_primitives\Mutex\lib /LIBPATH:"C:\ProgramData\NVIDIA Corporation\NVIDIA GPU Computing SDK 4.0\OpenCL\common\inc" /LIBPATH:"C:\ProgramData\NVIDIA Corporation\NVIDIA GPU Computing SDK 4.0\shared\inc" /LIBPATH:S:\cis565\project\synch_primitives\Mutex\lib /LIBPATH:"C:\Program Files\NVIDIA GPU Computing Toolkit\CUDA\v4.0\/lib/Win32" /LIBPATH:../../common/lib/Win32 /LIBPATH:../../../shared/lib/Win32 oclUtils32D.lib OpenCL.lib shrUtils32D.lib /MANIFEST /ManifestFile:"Debug\Mutex.exe.intermediate.manifest" /MANIFESTUAC:"level='asInvoker' uiAccess='false'" /DEBUG /PDB:"C:\Users\HMS\Desktop\Jnana\jnana\project\bin\win32\Debug\Mutex.pdb" /SUBSYSTEM:CONSOLE /TLBID:1 /DYNAMICBASE:NO /IMPLIB:"..\..\bin\win32\Debug\Mutex.lib" /MACHINE:X86 Debug\Mutex.exe.embed.manifest.res
         Debug\Mutex.obj
       Manifest:
         C:\Program Files (x86)\Microsoft SDKs\Windows\v7.0A\bin\mt.exe /nologo /verbose /out:"Debug\Mutex.exe.embed.manifest" /manifest Debug\Mutex.exe.intermediate.manifest
         All outputs are up-to-date.
       LinkEmbedManifest:
         All outputs are up-to-date.
         oclVectorAdd_vs2010.vcxproj -> C:\Users\HMS\Desktop\Jnana\jnana\project\synch_primitives\Mutex\..\..\bin\win32\Debug\Mutex.exe
       FinalizeBuildStatus:
         Deleting file "Debug\Mutex.unsuccessfulbuild".
         Touching "Debug\Mutex.lastbuildstate".
     1>Done Building Project "C:\Users\HMS\Desktop\Jnana\jnana\project\synch_primitives\Mutex\oclVectorAdd_vs2010.vcxproj" (build target(s)).

Build succeeded.

Time Elapsed 00:00:02.94
