..\..\bin\win32\Debug\Mutex.ilk
..\..\bin\win32\Debug\Mutex.pdb
C:\PROGRAMDATA\NVIDIA CORPORATION\NVIDIA GPU COMPUTING SDK 4.0\OPENCL\SRC\OCLVECTORADD\DEBUG\OCLVECTORADD.EXE.EMBED.MANIFEST.RES
C:\PROGRAMDATA\NVIDIA CORPORATION\NVIDIA GPU COMPUTING SDK 4.0\OPENCL\SRC\OCLVECTORADD\DEBUG\OCLVECTORADD.OBJ
C:\PROGRAMDATA\NVIDIA CORPORATION\NVIDIA GPU COMPUTING SDK 4.0\OPENCL\SRC\OCLVECTORADD\DEBUG\VC100.PDB
C:\Users\HMS\Desktop\Jnana\project\synch_primitives\Mutex\..\..\bin\win32\Debug\Mutex.exe
C:\Users\HMS\Desktop\Jnana\project\synch_primitives\Mutex\Debug\Barrier.obj
C:\Users\HMS\Desktop\Jnana\project\synch_primitives\Mutex\Debug\cl.command.1.tlog
C:\Users\HMS\Desktop\Jnana\project\synch_primitives\Mutex\Debug\CL.read.1.tlog
C:\Users\HMS\Desktop\Jnana\project\synch_primitives\Mutex\Debug\CL.write.1.tlog
C:\Users\HMS\Desktop\Jnana\project\synch_primitives\Mutex\Debug\link.1868.read.1.tlog
C:\Users\HMS\Desktop\Jnana\project\synch_primitives\Mutex\Debug\link.1868.read.3.tlog
C:\Users\HMS\Desktop\Jnana\project\synch_primitives\Mutex\Debug\link.1868.write.1.tlog
C:\Users\HMS\Desktop\Jnana\project\synch_primitives\Mutex\Debug\link.1868-cvtres.read.1.tlog
C:\Users\HMS\Desktop\Jnana\project\synch_primitives\Mutex\Debug\link.1868-cvtres.write.1.tlog
C:\Users\HMS\Desktop\Jnana\project\synch_primitives\Mutex\Debug\link.3348.read.1.tlog
C:\Users\HMS\Desktop\Jnana\project\synch_primitives\Mutex\Debug\link.3348.read.3.tlog
C:\Users\HMS\Desktop\Jnana\project\synch_primitives\Mutex\Debug\link.3348.write.1.tlog
C:\Users\HMS\Desktop\Jnana\project\synch_primitives\Mutex\Debug\link.3348-cvtres.read.1.tlog
C:\Users\HMS\Desktop\Jnana\project\synch_primitives\Mutex\Debug\link.3348-cvtres.write.1.tlog
C:\Users\HMS\Desktop\Jnana\project\synch_primitives\Mutex\Debug\link.3608.read.1.tlog
C:\Users\HMS\Desktop\Jnana\project\synch_primitives\Mutex\Debug\link.3608.read.3.tlog
C:\Users\HMS\Desktop\Jnana\project\synch_primitives\Mutex\Debug\link.3608.write.1.tlog
C:\Users\HMS\Desktop\Jnana\project\synch_primitives\Mutex\Debug\link.3608-cvtres.read.1.tlog
C:\Users\HMS\Desktop\Jnana\project\synch_primitives\Mutex\Debug\link.3608-cvtres.write.1.tlog
C:\Users\HMS\Desktop\Jnana\project\synch_primitives\Mutex\Debug\link.3696.read.1.tlog
C:\Users\HMS\Desktop\Jnana\project\synch_primitives\Mutex\Debug\link.3696.read.3.tlog
C:\Users\HMS\Desktop\Jnana\project\synch_primitives\Mutex\Debug\link.3696.write.1.tlog
C:\Users\HMS\Desktop\Jnana\project\synch_primitives\Mutex\Debug\link.3696-cvtres.read.1.tlog
C:\Users\HMS\Desktop\Jnana\project\synch_primitives\Mutex\Debug\link.3696-cvtres.write.1.tlog
C:\Users\HMS\Desktop\Jnana\project\synch_primitives\Mutex\Debug\link.4516.read.1.tlog
C:\Users\HMS\Desktop\Jnana\project\synch_primitives\Mutex\Debug\link.4516.read.3.tlog
C:\Users\HMS\Desktop\Jnana\project\synch_primitives\Mutex\Debug\link.4516.write.1.tlog
C:\Users\HMS\Desktop\Jnana\project\synch_primitives\Mutex\Debug\link.4516-cvtres.read.1.tlog
C:\Users\HMS\Desktop\Jnana\project\synch_primitives\Mutex\Debug\link.4516-cvtres.write.1.tlog
C:\Users\HMS\Desktop\Jnana\project\synch_primitives\Mutex\Debug\link.4624.read.1.tlog
C:\Users\HMS\Desktop\Jnana\project\synch_primitives\Mutex\Debug\link.4624.read.3.tlog
C:\Users\HMS\Desktop\Jnana\project\synch_primitives\Mutex\Debug\link.4624.write.1.tlog
C:\Users\HMS\Desktop\Jnana\project\synch_primitives\Mutex\Debug\link.4624-cvtres.read.1.tlog
C:\Users\HMS\Desktop\Jnana\project\synch_primitives\Mutex\Debug\link.4624-cvtres.write.1.tlog
C:\Users\HMS\Desktop\Jnana\project\synch_primitives\Mutex\Debug\link.472.read.1.tlog
C:\Users\HMS\Desktop\Jnana\project\synch_primitives\Mutex\Debug\link.472.read.3.tlog
C:\Users\HMS\Desktop\Jnana\project\synch_primitives\Mutex\Debug\link.472.write.1.tlog
C:\Users\HMS\Desktop\Jnana\project\synch_primitives\Mutex\Debug\link.472-cvtres.read.1.tlog
C:\Users\HMS\Desktop\Jnana\project\synch_primitives\Mutex\Debug\link.472-cvtres.write.1.tlog
C:\Users\HMS\Desktop\Jnana\project\synch_primitives\Mutex\Debug\link.4740.read.1.tlog
C:\Users\HMS\Desktop\Jnana\project\synch_primitives\Mutex\Debug\link.4740.read.3.tlog
C:\Users\HMS\Desktop\Jnana\project\synch_primitives\Mutex\Debug\link.4740.write.1.tlog
C:\Users\HMS\Desktop\Jnana\project\synch_primitives\Mutex\Debug\link.4740-cvtres.read.1.tlog
C:\Users\HMS\Desktop\Jnana\project\synch_primitives\Mutex\Debug\link.4740-cvtres.write.1.tlog
C:\Users\HMS\Desktop\Jnana\project\synch_primitives\Mutex\Debug\link.488.read.1.tlog
C:\Users\HMS\Desktop\Jnana\project\synch_primitives\Mutex\Debug\link.488.read.3.tlog
C:\Users\HMS\Desktop\Jnana\project\synch_primitives\Mutex\Debug\link.488.write.1.tlog
C:\Users\HMS\Desktop\Jnana\project\synch_primitives\Mutex\Debug\link.488-cvtres.read.1.tlog
C:\Users\HMS\Desktop\Jnana\project\synch_primitives\Mutex\Debug\link.488-cvtres.write.1.tlog
C:\Users\HMS\Desktop\Jnana\project\synch_primitives\Mutex\Debug\link.5464.read.1.tlog
C:\Users\HMS\Desktop\Jnana\project\synch_primitives\Mutex\Debug\link.5464.read.3.tlog
C:\Users\HMS\Desktop\Jnana\project\synch_primitives\Mutex\Debug\link.5464.write.1.tlog
C:\Users\HMS\Desktop\Jnana\project\synch_primitives\Mutex\Debug\link.5464-cvtres.read.1.tlog
C:\Users\HMS\Desktop\Jnana\project\synch_primitives\Mutex\Debug\link.5464-cvtres.write.1.tlog
C:\Users\HMS\Desktop\Jnana\project\synch_primitives\Mutex\Debug\link.5476.read.1.tlog
C:\Users\HMS\Desktop\Jnana\project\synch_primitives\Mutex\Debug\link.5476.read.3.tlog
C:\Users\HMS\Desktop\Jnana\project\synch_primitives\Mutex\Debug\link.5476.write.1.tlog
C:\Users\HMS\Desktop\Jnana\project\synch_primitives\Mutex\Debug\link.5476-cvtres.read.1.tlog
C:\Users\HMS\Desktop\Jnana\project\synch_primitives\Mutex\Debug\link.5476-cvtres.write.1.tlog
C:\Users\HMS\Desktop\Jnana\project\synch_primitives\Mutex\Debug\link.5588.read.1.tlog
C:\Users\HMS\Desktop\Jnana\project\synch_primitives\Mutex\Debug\link.5588.read.3.tlog
C:\Users\HMS\Desktop\Jnana\project\synch_primitives\Mutex\Debug\link.5588.write.1.tlog
C:\Users\HMS\Desktop\Jnana\project\synch_primitives\Mutex\Debug\link.5588-cvtres.read.1.tlog
C:\Users\HMS\Desktop\Jnana\project\synch_primitives\Mutex\Debug\link.5588-cvtres.write.1.tlog
C:\Users\HMS\Desktop\Jnana\project\synch_primitives\Mutex\Debug\link.5748.read.1.tlog
C:\Users\HMS\Desktop\Jnana\project\synch_primitives\Mutex\Debug\link.5748.read.3.tlog
C:\Users\HMS\Desktop\Jnana\project\synch_primitives\Mutex\Debug\link.5748.write.1.tlog
C:\Users\HMS\Desktop\Jnana\project\synch_primitives\Mutex\Debug\link.5748-cvtres.read.1.tlog
C:\Users\HMS\Desktop\Jnana\project\synch_primitives\Mutex\Debug\link.5748-cvtres.write.1.tlog
C:\Users\HMS\Desktop\Jnana\project\synch_primitives\Mutex\Debug\link.5836.read.1.tlog
C:\Users\HMS\Desktop\Jnana\project\synch_primitives\Mutex\Debug\link.5836.read.3.tlog
C:\Users\HMS\Desktop\Jnana\project\synch_primitives\Mutex\Debug\link.5836.write.1.tlog
C:\Users\HMS\Desktop\Jnana\project\synch_primitives\Mutex\Debug\link.5836-cvtres.read.1.tlog
C:\Users\HMS\Desktop\Jnana\project\synch_primitives\Mutex\Debug\link.5836-cvtres.write.1.tlog
C:\Users\HMS\Desktop\Jnana\project\synch_primitives\Mutex\Debug\link.5984.read.1.tlog
C:\Users\HMS\Desktop\Jnana\project\synch_primitives\Mutex\Debug\link.5984.read.3.tlog
C:\Users\HMS\Desktop\Jnana\project\synch_primitives\Mutex\Debug\link.5984.write.1.tlog
C:\Users\HMS\Desktop\Jnana\project\synch_primitives\Mutex\Debug\link.5984-cvtres.read.1.tlog
C:\Users\HMS\Desktop\Jnana\project\synch_primitives\Mutex\Debug\link.5984-cvtres.write.1.tlog
C:\Users\HMS\Desktop\Jnana\project\synch_primitives\Mutex\Debug\link.6008.read.1.tlog
C:\Users\HMS\Desktop\Jnana\project\synch_primitives\Mutex\Debug\link.6008.read.3.tlog
C:\Users\HMS\Desktop\Jnana\project\synch_primitives\Mutex\Debug\link.6008.write.1.tlog
C:\Users\HMS\Desktop\Jnana\project\synch_primitives\Mutex\Debug\link.6008-cvtres.read.1.tlog
C:\Users\HMS\Desktop\Jnana\project\synch_primitives\Mutex\Debug\link.6008-cvtres.write.1.tlog
C:\Users\HMS\Desktop\Jnana\project\synch_primitives\Mutex\Debug\link.628.read.1.tlog
C:\Users\HMS\Desktop\Jnana\project\synch_primitives\Mutex\Debug\link.628.read.3.tlog
C:\Users\HMS\Desktop\Jnana\project\synch_primitives\Mutex\Debug\link.628.write.1.tlog
C:\Users\HMS\Desktop\Jnana\project\synch_primitives\Mutex\Debug\link.628-cvtres.read.1.tlog
C:\Users\HMS\Desktop\Jnana\project\synch_primitives\Mutex\Debug\link.628-cvtres.write.1.tlog
C:\Users\HMS\Desktop\Jnana\project\synch_primitives\Mutex\Debug\link.command.1.tlog
C:\Users\HMS\Desktop\Jnana\project\synch_primitives\Mutex\Debug\link.read.1.tlog
C:\Users\HMS\Desktop\Jnana\project\synch_primitives\Mutex\Debug\link.read.3.tlog
C:\Users\HMS\Desktop\Jnana\project\synch_primitives\Mutex\Debug\link.write.1.tlog
C:\Users\HMS\Desktop\Jnana\project\synch_primitives\Mutex\Debug\link-cvtres.read.1.tlog
C:\Users\HMS\Desktop\Jnana\project\synch_primitives\Mutex\Debug\link-cvtres.write.1.tlog
C:\Users\HMS\Desktop\Jnana\project\synch_primitives\Mutex\Debug\mt.command.1.tlog
C:\Users\HMS\Desktop\Jnana\project\synch_primitives\Mutex\Debug\mt.read.1.tlog
C:\Users\HMS\Desktop\Jnana\project\synch_primitives\Mutex\Debug\mt.write.1.tlog
C:\Users\HMS\Desktop\Jnana\project\synch_primitives\Mutex\Debug\Mutex.exe.embed.manifest
C:\Users\HMS\Desktop\Jnana\project\synch_primitives\Mutex\Debug\Mutex.exe.embed.manifest.res
C:\Users\HMS\Desktop\Jnana\project\synch_primitives\Mutex\Debug\Mutex.exe.intermediate.manifest
C:\Users\HMS\Desktop\Jnana\project\synch_primitives\Mutex\Debug\Mutex.write.1.tlog
C:\Users\HMS\Desktop\Jnana\project\synch_primitives\Mutex\Debug\Mutex_manifest.rc
C:\Users\HMS\Desktop\Jnana\project\synch_primitives\Mutex\Debug\oclVectorAdd.exe.embed.manifest
C:\Users\HMS\Desktop\Jnana\project\synch_primitives\Mutex\Debug\oclVectorAdd.exe.embed.manifest.res
C:\Users\HMS\Desktop\Jnana\project\synch_primitives\Mutex\Debug\oclVectorAdd.exe.intermediate.manifest
C:\Users\HMS\Desktop\Jnana\project\synch_primitives\Mutex\Debug\oclVectorAdd.obj
C:\Users\HMS\Desktop\Jnana\project\synch_primitives\Mutex\Debug\oclVectorAdd.write.1.tlog
C:\Users\HMS\Desktop\Jnana\project\synch_primitives\Mutex\Debug\oclVectorAdd_manifest.rc
C:\Users\HMS\Desktop\Jnana\project\synch_primitives\Mutex\Debug\rc.command.1.tlog
C:\Users\HMS\Desktop\Jnana\project\synch_primitives\Mutex\Debug\rc.read.1.tlog
C:\Users\HMS\Desktop\Jnana\project\synch_primitives\Mutex\Debug\rc.write.1.tlog
C:\Users\HMS\Desktop\Jnana\project\synch_primitives\Mutex\Debug\ResolveAssemblyReference.cache
C:\Users\HMS\Desktop\Jnana\project\synch_primitives\Mutex\Debug\vc100.idb
C:\Users\HMS\Desktop\Jnana\project\synch_primitives\Mutex\Debug\vc100.pdb
S:\CIS565\PROJECT\BIN\WIN32\DEBUG\MUTEX.EXE
S:\CIS565\PROJECT\BIN\WIN32\DEBUG\MUTEX.ILK
S:\CIS565\PROJECT\BIN\WIN32\DEBUG\MUTEX.PDB
S:\CIS565\PROJECT\BIN\WIN32\DEBUG\OCLVECTORADD.PDB
S:\CIS565\PROJECT\MATRIX\OCLVECTORADD\DEBUG\BARRIER.OBJ
S:\CIS565\PROJECT\MATRIX\OCLVECTORADD\DEBUG\OCLVECTORADD.EXE.EMBED.MANIFEST
S:\CIS565\PROJECT\MATRIX\OCLVECTORADD\DEBUG\OCLVECTORADD.EXE.EMBED.MANIFEST.RES
S:\CIS565\PROJECT\MATRIX\OCLVECTORADD\DEBUG\OCLVECTORADD.OBJ
S:\CIS565\PROJECT\MATRIX\OCLVECTORADD\DEBUG\VC100.PDB
S:\CIS565\PROJECT\SYNCH_PRIMITIVES\MUTEX\DEBUG\BARRIER.OBJ
S:\CIS565\PROJECT\SYNCH_PRIMITIVES\MUTEX\DEBUG\MUTEX.EXE.INTERMEDIATE.MANIFEST
S:\CIS565\PROJECT\SYNCH_PRIMITIVES\MUTEX\DEBUG\VC100.PDB
S:\CIS565\PROJECT\SYNCH_PRIMITIVES\OCLVECTORADD\DEBUG\BARRIER.OBJ
S:\CIS565\PROJECT\SYNCH_PRIMITIVES\OCLVECTORADD\DEBUG\VC100.PDB
