..\..\bin\win32\Debug\Mutex_BackOff.ilk
..\..\bin\win32\Debug\Mutex_BackOff.pdb
C:\USERS\HMS\DESKTOP\JNANA\JNANA\PROJECT\BIN\WIN32\DEBUG\MUTEX_BACKOFF.EXE
C:\USERS\HMS\DESKTOP\JNANA\JNANA\PROJECT\BIN\WIN32\DEBUG\MUTEX_BACKOFF.ILK
C:\USERS\HMS\DESKTOP\JNANA\JNANA\PROJECT\BIN\WIN32\DEBUG\MUTEX_BACKOFF.PDB
C:\Users\HMS\Desktop\Jnana\jnana\project\synch_primitives\Mutex_BackOff\..\..\bin\win32\Debug\Mutex_BackOff.exe
C:\Users\HMS\Desktop\Jnana\jnana\project\synch_primitives\Mutex_BackOff\Debug\cl.command.1.tlog
C:\Users\HMS\Desktop\Jnana\jnana\project\synch_primitives\Mutex_BackOff\Debug\CL.read.1.tlog
C:\Users\HMS\Desktop\Jnana\jnana\project\synch_primitives\Mutex_BackOff\Debug\CL.write.1.tlog
C:\Users\HMS\Desktop\Jnana\jnana\project\synch_primitives\Mutex_BackOff\Debug\link.4436.read.1.tlog
C:\Users\HMS\Desktop\Jnana\jnana\project\synch_primitives\Mutex_BackOff\Debug\link.4436.read.2.tlog
C:\Users\HMS\Desktop\Jnana\jnana\project\synch_primitives\Mutex_BackOff\Debug\link.4436.write.1.tlog
C:\Users\HMS\Desktop\Jnana\jnana\project\synch_primitives\Mutex_BackOff\Debug\link.4436-cvtres.read.1.tlog
C:\Users\HMS\Desktop\Jnana\jnana\project\synch_primitives\Mutex_BackOff\Debug\link.4436-cvtres.write.1.tlog
C:\Users\HMS\Desktop\Jnana\jnana\project\synch_primitives\Mutex_BackOff\Debug\link.command.1.tlog
C:\Users\HMS\Desktop\Jnana\jnana\project\synch_primitives\Mutex_BackOff\Debug\link.read.1.tlog
C:\Users\HMS\Desktop\Jnana\jnana\project\synch_primitives\Mutex_BackOff\Debug\link.read.2.tlog
C:\Users\HMS\Desktop\Jnana\jnana\project\synch_primitives\Mutex_BackOff\Debug\link.write.1.tlog
C:\Users\HMS\Desktop\Jnana\jnana\project\synch_primitives\Mutex_BackOff\Debug\link-cvtres.read.1.tlog
C:\Users\HMS\Desktop\Jnana\jnana\project\synch_primitives\Mutex_BackOff\Debug\link-cvtres.write.1.tlog
C:\Users\HMS\Desktop\Jnana\jnana\project\synch_primitives\Mutex_BackOff\Debug\mt.command.1.tlog
C:\Users\HMS\Desktop\Jnana\jnana\project\synch_primitives\Mutex_BackOff\Debug\mt.read.1.tlog
C:\Users\HMS\Desktop\Jnana\jnana\project\synch_primitives\Mutex_BackOff\Debug\mt.write.1.tlog
C:\Users\HMS\Desktop\Jnana\jnana\project\synch_primitives\Mutex_BackOff\Debug\Mutex_BackOff.exe.embed.manifest
C:\USERS\HMS\DESKTOP\JNANA\JNANA\PROJECT\SYNCH_PRIMITIVES\MUTEX_BACKOFF\DEBUG\MUTEX_BACKOFF.EXE.EMBED.MANIFEST.RES
C:\USERS\HMS\DESKTOP\JNANA\JNANA\PROJECT\SYNCH_PRIMITIVES\MUTEX_BACKOFF\DEBUG\MUTEX_BACKOFF.EXE.INTERMEDIATE.MANIFEST
C:\USERS\HMS\DESKTOP\JNANA\JNANA\PROJECT\SYNCH_PRIMITIVES\MUTEX_BACKOFF\DEBUG\MUTEX_BACKOFF.OBJ
C:\Users\HMS\Desktop\Jnana\jnana\project\synch_primitives\Mutex_BackOff\Debug\Mutex_BackOff.write.1.tlog
C:\Users\HMS\Desktop\Jnana\jnana\project\synch_primitives\Mutex_BackOff\Debug\Mutex_BackOff_manifest.rc
C:\Users\HMS\Desktop\Jnana\jnana\project\synch_primitives\Mutex_BackOff\Debug\rc.command.1.tlog
C:\Users\HMS\Desktop\Jnana\jnana\project\synch_primitives\Mutex_BackOff\Debug\rc.read.1.tlog
C:\Users\HMS\Desktop\Jnana\jnana\project\synch_primitives\Mutex_BackOff\Debug\rc.write.1.tlog
C:\Users\HMS\Desktop\Jnana\jnana\project\synch_primitives\Mutex_BackOff\Debug\vc100.idb
C:\USERS\HMS\DESKTOP\JNANA\JNANA\PROJECT\SYNCH_PRIMITIVES\MUTEX_BACKOFF\DEBUG\VC100.PDB
C:\USERS\HMS\DESKTOP\JNANA\PROJECT\BIN\WIN32\DEBUG\MUTEX_BACKOFF.EXE
C:\USERS\HMS\DESKTOP\JNANA\PROJECT\BIN\WIN32\DEBUG\MUTEX_BACKOFF.ILK
C:\USERS\HMS\DESKTOP\JNANA\PROJECT\BIN\WIN32\DEBUG\MUTEX_BACKOFF.PDB
C:\USERS\HMS\DESKTOP\JNANA\PROJECT\SYNCH_PRIMITIVES\MUTEX_BACKOFF\DEBUG\MUTEX_BACKOFF.EXE.EMBED.MANIFEST
C:\USERS\HMS\DESKTOP\JNANA\PROJECT\SYNCH_PRIMITIVES\MUTEX_BACKOFF\DEBUG\MUTEX_BACKOFF.EXE.EMBED.MANIFEST.RES
C:\USERS\HMS\DESKTOP\JNANA\PROJECT\SYNCH_PRIMITIVES\MUTEX_BACKOFF\DEBUG\MUTEX_BACKOFF.EXE.INTERMEDIATE.MANIFEST
C:\USERS\HMS\DESKTOP\JNANA\PROJECT\SYNCH_PRIMITIVES\MUTEX_BACKOFF\DEBUG\MUTEX_BACKOFF.OBJ
C:\USERS\HMS\DESKTOP\JNANA\PROJECT\SYNCH_PRIMITIVES\MUTEX_BACKOFF\DEBUG\VC100.PDB
