Build started 4/21/2012 3:59:51 PM.
     1>Project "C:\Users\HMS\Desktop\jnana\project\synch_primitives\Mutex_BackOff\oclVectorAdd_vs2010.vcxproj" on node 2 (rebuild target(s)).
     1>_PrepareForClean:
         Deleting file "Debug\Mutex_BackOff.lastbuildstate".
       InitializeBuildStatus:
         Creating "Debug\Mutex_BackOff.unsuccessfulbuild" because "AlwaysCreate" was specified.
       ClCompile:
         c:\Program Files (x86)\Microsoft Visual Studio 10.0\VC\bin\CL.exe /c /I"C:\ProgramData\NVIDIA Corporation\NVIDIA GPU Computing SDK 4.0\OpenCL\common\inc" /I"C:\ProgramData\NVIDIA Corporation\NVIDIA GPU Computing SDK 4.0\shared\inc" /I../../common/inc/ /I../../../shared/inc/ /ZI /nologo /W3 /WX- /Od /Oy- /D WIN32 /D _DEBUG /D _CONSOLE /D _MBCS /Gm /EHsc /RTC1 /MTd /GS /fp:precise /Zc:wchar_t /Zc:forScope /Fo"Debug\\" /Fd"Debug\vc100.pdb" /Gd /TP /analyze- /errorReport:prompt Mutex_BackOff.cpp
         Mutex_BackOff.cpp
         Note: including windows.h
         Note: including math.h
         Note: including assert.h
         Note: including shrUtils.h
         Note: including opencl.h
         Note: including windows.h
         Note: including math.h
         Note: including assert.h
       ManifestResourceCompile:
         C:\Program Files (x86)\Microsoft SDKs\Windows\v7.0A\bin\rc.exe /nologo /fo"Debug\Mutex_BackOff.exe.embed.manifest.res" Debug\Mutex_BackOff_manifest.rc 
       Link:
         c:\Program Files (x86)\Microsoft Visual Studio 10.0\VC\bin\link.exe /ERRORREPORT:PROMPT /OUT:"..\..\bin\win32\Debug\/Mutex_BackOff.exe" /INCREMENTAL /NOLOGO /LIBPATH:C:\Users\HMS\Desktop\Jnana\project\synch_primitives\Mutex\lib /LIBPATH:"C:\ProgramData\NVIDIA Corporation\NVIDIA GPU Computing SDK 4.0\OpenCL\common\inc" /LIBPATH:"C:\ProgramData\NVIDIA Corporation\NVIDIA GPU Computing SDK 4.0\shared\inc" /LIBPATH:S:\cis565\project\synch_primitives\Mutex\lib /LIBPATH:"C:\Program Files\NVIDIA GPU Computing Toolkit\CUDA\v4.0\/lib/Win32" /LIBPATH:../../common/lib/Win32 /LIBPATH:../../../shared/lib/Win32 oclUtils32D.lib OpenCL.lib shrUtils32D.lib /MANIFEST /ManifestFile:"Debug\Mutex_BackOff.exe.intermediate.manifest" /MANIFESTUAC:"level='asInvoker' uiAccess='false'" /DEBUG /PDB:"C:\Users\HMS\Desktop\jnana\project\bin\win32\Debug\Mutex_BackOff.pdb" /SUBSYSTEM:CONSOLE /TLBID:1 /DYNAMICBASE:NO /IMPLIB:"..\..\bin\win32\Debug\Mutex_BackOff.lib" /MACHINE:X86 Debug\Mutex_BackOff.exe.embed.manifest.res
         Debug\Mutex_BackOff.obj
     1>oclUtils32D.lib(oclUtils.obj) : warning LNK4099: PDB 'vc100.pdb' was not found with 'oclUtils32D.lib(oclUtils.obj)' or at 'C:\Users\HMS\Desktop\jnana\project\bin\win32\Debug\vc100.pdb'; linking object as if no debug info
     1>oclUtils32D.lib(shrUtils.obj) : warning LNK4099: PDB 'vc100.pdb' was not found with 'oclUtils32D.lib(shrUtils.obj)' or at 'C:\Users\HMS\Desktop\jnana\project\bin\win32\Debug\vc100.pdb'; linking object as if no debug info
     1>oclUtils32D.lib(cmd_arg_reader.obj) : warning LNK4099: PDB 'vc100.pdb' was not found with 'oclUtils32D.lib(cmd_arg_reader.obj)' or at 'C:\Users\HMS\Desktop\jnana\project\bin\win32\Debug\vc100.pdb'; linking object as if no debug info
       Manifest:
         Deleting file "Debug\Mutex_BackOff.exe.embed.manifest".
         C:\Program Files (x86)\Microsoft SDKs\Windows\v7.0A\bin\mt.exe /nologo /verbose /out:"Debug\Mutex_BackOff.exe.embed.manifest" /manifest Debug\Mutex_BackOff.exe.intermediate.manifest
         C:\Program Files (x86)\Microsoft SDKs\Windows\v7.0A\bin\rc.exe /nologo /fo"Debug\Mutex_BackOff.exe.embed.manifest.res" Debug\Mutex_BackOff_manifest.rc 
       LinkEmbedManifest:
         c:\Program Files (x86)\Microsoft Visual Studio 10.0\VC\bin\link.exe /ERRORREPORT:PROMPT /OUT:"..\..\bin\win32\Debug\/Mutex_BackOff.exe" /INCREMENTAL /NOLOGO /LIBPATH:C:\Users\HMS\Desktop\Jnana\project\synch_primitives\Mutex\lib /LIBPATH:"C:\ProgramData\NVIDIA Corporation\NVIDIA GPU Computing SDK 4.0\OpenCL\common\inc" /LIBPATH:"C:\ProgramData\NVIDIA Corporation\NVIDIA GPU Computing SDK 4.0\shared\inc" /LIBPATH:S:\cis565\project\synch_primitives\Mutex\lib /LIBPATH:"C:\Program Files\NVIDIA GPU Computing Toolkit\CUDA\v4.0\/lib/Win32" /LIBPATH:../../common/lib/Win32 /LIBPATH:../../../shared/lib/Win32 oclUtils32D.lib OpenCL.lib shrUtils32D.lib /MANIFEST /ManifestFile:"Debug\Mutex_BackOff.exe.intermediate.manifest" /MANIFESTUAC:"level='asInvoker' uiAccess='false'" /DEBUG /PDB:"C:\Users\HMS\Desktop\jnana\project\bin\win32\Debug\Mutex_BackOff.pdb" /SUBSYSTEM:CONSOLE /TLBID:1 /DYNAMICBASE:NO /IMPLIB:"..\..\bin\win32\Debug\Mutex_BackOff.lib" /MACHINE:X86 Debug\Mutex_BackOff.exe.embed.manifest.res
         Debug\Mutex_BackOff.obj
     1>oclUtils32D.lib(oclUtils.obj) : warning LNK4099: PDB 'vc100.pdb' was not found with 'oclUtils32D.lib(oclUtils.obj)' or at 'C:\Users\HMS\Desktop\jnana\project\bin\win32\Debug\vc100.pdb'; linking object as if no debug info
     1>oclUtils32D.lib(shrUtils.obj) : warning LNK4099: PDB 'vc100.pdb' was not found with 'oclUtils32D.lib(shrUtils.obj)' or at 'C:\Users\HMS\Desktop\jnana\project\bin\win32\Debug\vc100.pdb'; linking object as if no debug info
     1>oclUtils32D.lib(cmd_arg_reader.obj) : warning LNK4099: PDB 'vc100.pdb' was not found with 'oclUtils32D.lib(cmd_arg_reader.obj)' or at 'C:\Users\HMS\Desktop\jnana\project\bin\win32\Debug\vc100.pdb'; linking object as if no debug info
         oclVectorAdd_vs2010.vcxproj -> C:\Users\HMS\Desktop\jnana\project\synch_primitives\Mutex_BackOff\..\..\bin\win32\Debug\Mutex_BackOff.exe
       FinalizeBuildStatus:
         Deleting file "Debug\Mutex_BackOff.unsuccessfulbuild".
         Touching "Debug\Mutex_BackOff.lastbuildstate".
     1>Done Building Project "C:\Users\HMS\Desktop\jnana\project\synch_primitives\Mutex_BackOff\oclVectorAdd_vs2010.vcxproj" (rebuild target(s)).

Build succeeded.

Time Elapsed 00:00:01.88
